2025-05-02 17:32:02 | INFO | Run ANIclustermap v2.0.0
2025-05-02 17:32:02 | INFO | $ ANIclustermap -i ./input/normal_dataset -o output/ANIclustermap_result04 --fig_width 15 --cmap_ranges 80,85,90,92.5,95,97.5,100
2025-05-02 17:32:02 | INFO | Operating System: linux
2025-05-02 17:32:02 | INFO | Python Version: v3.9.19
2025-05-02 17:32:02 | INFO | Parameter: indir=input/normal_dataset
2025-05-02 17:32:02 | INFO | Parameter: outdir=output/ANIclustermap_result04
2025-05-02 17:32:02 | INFO | Parameter: mode=fastani
2025-05-02 17:32:02 | INFO | Parameter: thread_num=11
2025-05-02 17:32:02 | INFO | Parameter: overwrite=False
2025-05-02 17:32:02 | INFO | Parameter: fig_width=15
2025-05-02 17:32:02 | INFO | Parameter: fig_height=10
2025-05-02 17:32:02 | INFO | Parameter: dendrogram_ratio=0.15
2025-05-02 17:32:02 | INFO | Parameter: cmap_colors=lime,yellow,red
2025-05-02 17:32:02 | INFO | Parameter: cmap_gamma=1.0
2025-05-02 17:32:02 | INFO | Parameter: cmap_ranges=80,85,90,92.5,95,97.5,100
2025-05-02 17:32:02 | INFO | Parameter: cbar_pos=(0.02, 0.85, 0.04, 0.15)
2025-05-02 17:32:02 | INFO | Parameter: annotation=False
2025-05-02 17:32:02 | INFO | Parameter: annotation_fmt=.3g
2025-05-02 17:32:02 | INFO | Run fastani between all-vs-all genomes
2025-05-02 17:32:02 | INFO | Write list of 33 genome fasta file path
2025-05-02 17:32:02 | INFO | => /tmp/tmpmtsg_y46/genome_fasta_list.txt
2025-05-02 17:32:02 | INFO | $ fastANI --ql /tmp/tmpmtsg_y46/genome_fasta_list.txt --rl /tmp/tmpmtsg_y46/genome_fasta_list.txt -o /tmp/tmpmtsg_y46/fastani_result -t 11 --matrix
2025-05-02 17:35:14 | INFO | Write all-vs-all genomes ANI matrix result
2025-05-02 17:35:14 | INFO | => output/ANIclustermap_result04/fastani_matrix.tsv
2025-05-02 17:35:14 | INFO | Clustering fastani ANI matrix by scipy UPGMA method
2025-05-02 17:35:14 | INFO | Write newick format cluster dendrogram
2025-05-02 17:35:14 | INFO | => output/ANIclustermap_result04/ANIclustermap_dendrogram.nwk
2025-05-02 17:35:14 | INFO | Write clustered ANI matrix
2025-05-02 17:35:14 | INFO | => output/ANIclustermap_result04/ANIclustermap_matrix.tsv
2025-05-02 17:35:14 | INFO | Using clustered ANI matrix, draw ANI clustermap by seaborn
2025-05-02 17:35:14 | INFO | => output/ANIclustermap_result04/ANIclustermap.png
2025-05-02 17:35:14 | INFO | => output/ANIclustermap_result04/ANIclustermap.svg
2025-05-02 17:35:14 | INFO | Done (elapsed time: 192.72[s])
