2025-05-02 17:22:08 | INFO | Run ANIclustermap v2.0.0
2025-05-02 17:22:08 | INFO | $ ANIclustermap -i ./input/normal_dataset -o output/ANIclustermap_result01 --fig_width 15
2025-05-02 17:22:08 | INFO | Operating System: linux
2025-05-02 17:22:08 | INFO | Python Version: v3.9.19
2025-05-02 17:22:08 | INFO | Parameter: indir=input/normal_dataset
2025-05-02 17:22:08 | INFO | Parameter: outdir=output/ANIclustermap_result01
2025-05-02 17:22:08 | INFO | Parameter: mode=fastani
2025-05-02 17:22:08 | INFO | Parameter: thread_num=11
2025-05-02 17:22:08 | INFO | Parameter: overwrite=False
2025-05-02 17:22:08 | INFO | Parameter: fig_width=15
2025-05-02 17:22:08 | INFO | Parameter: fig_height=10
2025-05-02 17:22:08 | INFO | Parameter: dendrogram_ratio=0.15
2025-05-02 17:22:08 | INFO | Parameter: cmap_colors=lime,yellow,red
2025-05-02 17:22:08 | INFO | Parameter: cmap_gamma=1.0
2025-05-02 17:22:08 | INFO | Parameter: cmap_ranges=None
2025-05-02 17:22:08 | INFO | Parameter: cbar_pos=(0.02, 0.85, 0.04, 0.15)
2025-05-02 17:22:08 | INFO | Parameter: annotation=False
2025-05-02 17:22:08 | INFO | Parameter: annotation_fmt=.3g
2025-05-02 17:22:08 | INFO | Run fastani between all-vs-all genomes
2025-05-02 17:22:08 | INFO | Write list of 33 genome fasta file path
2025-05-02 17:22:08 | INFO | => /tmp/tmp7cy4go7h/genome_fasta_list.txt
2025-05-02 17:22:08 | INFO | $ fastANI --ql /tmp/tmp7cy4go7h/genome_fasta_list.txt --rl /tmp/tmp7cy4go7h/genome_fasta_list.txt -o /tmp/tmp7cy4go7h/fastani_result -t 11 --matrix
2025-05-02 17:25:18 | INFO | Write all-vs-all genomes ANI matrix result
2025-05-02 17:25:18 | INFO | => output/ANIclustermap_result01/fastani_matrix.tsv
2025-05-02 17:25:18 | INFO | Clustering fastani ANI matrix by scipy UPGMA method
2025-05-02 17:25:18 | INFO | Write newick format cluster dendrogram
2025-05-02 17:25:18 | INFO | => output/ANIclustermap_result01/ANIclustermap_dendrogram.nwk
2025-05-02 17:25:19 | INFO | Write clustered ANI matrix
2025-05-02 17:25:19 | INFO | => output/ANIclustermap_result01/ANIclustermap_matrix.tsv
2025-05-02 17:25:19 | INFO | Using clustered ANI matrix, draw ANI clustermap by seaborn
2025-05-02 17:25:19 | INFO | => output/ANIclustermap_result01/ANIclustermap.png
2025-05-02 17:25:19 | INFO | => output/ANIclustermap_result01/ANIclustermap.svg
2025-05-02 17:25:19 | INFO | Done (elapsed time: 190.89[s])
