2025-05-02 17:12:03 | INFO | Run ANIclustermap v2.0.0
2025-05-02 17:12:03 | INFO | $ ANIclustermap -i ./input/minimal_dataset -o output/01_minimal_dataset --fig_width 8 --fig_height 5
2025-05-02 17:12:03 | INFO | Operating System: linux
2025-05-02 17:12:03 | INFO | Python Version: v3.9.19
2025-05-02 17:12:03 | INFO | Parameter: indir=input/minimal_dataset
2025-05-02 17:12:03 | INFO | Parameter: outdir=output/01_minimal_dataset
2025-05-02 17:12:03 | INFO | Parameter: mode=fastani
2025-05-02 17:12:03 | INFO | Parameter: thread_num=11
2025-05-02 17:12:03 | INFO | Parameter: overwrite=False
2025-05-02 17:12:03 | INFO | Parameter: fig_width=8
2025-05-02 17:12:03 | INFO | Parameter: fig_height=5
2025-05-02 17:12:03 | INFO | Parameter: dendrogram_ratio=0.15
2025-05-02 17:12:03 | INFO | Parameter: cmap_colors=lime,yellow,red
2025-05-02 17:12:03 | INFO | Parameter: cmap_gamma=1.0
2025-05-02 17:12:03 | INFO | Parameter: cmap_ranges=None
2025-05-02 17:12:03 | INFO | Parameter: cbar_pos=(0.02, 0.85, 0.04, 0.15)
2025-05-02 17:12:03 | INFO | Parameter: annotation=False
2025-05-02 17:12:03 | INFO | Parameter: annotation_fmt=.3g
2025-05-02 17:12:03 | INFO | Run fastani between all-vs-all genomes
2025-05-02 17:12:03 | INFO | Write list of 7 genome fasta file path
2025-05-02 17:12:03 | INFO | => /tmp/tmpdq9q970v/genome_fasta_list.txt
2025-05-02 17:12:03 | INFO | $ fastANI --ql /tmp/tmpdq9q970v/genome_fasta_list.txt --rl /tmp/tmpdq9q970v/genome_fasta_list.txt -o /tmp/tmpdq9q970v/fastani_result -t 11 --matrix
2025-05-02 17:12:07 | INFO | Write all-vs-all genomes ANI matrix result
2025-05-02 17:12:07 | INFO | => output/01_minimal_dataset/fastani_matrix.tsv
2025-05-02 17:12:07 | INFO | Clustering fastani ANI matrix by scipy UPGMA method
2025-05-02 17:12:07 | INFO | Write newick format cluster dendrogram
2025-05-02 17:12:07 | INFO | => output/01_minimal_dataset/ANIclustermap_dendrogram.nwk
2025-05-02 17:12:07 | INFO | Write clustered ANI matrix
2025-05-02 17:12:07 | INFO | => output/01_minimal_dataset/ANIclustermap_matrix.tsv
2025-05-02 17:12:07 | INFO | Using clustered ANI matrix, draw ANI clustermap by seaborn
2025-05-02 17:12:07 | INFO | => output/01_minimal_dataset/ANIclustermap.png
2025-05-02 17:12:07 | INFO | => output/01_minimal_dataset/ANIclustermap.svg
2025-05-02 17:12:07 | INFO | Done (elapsed time: 4.50[s])
